<?xml version="1.0" encoding="UTF-8"?>
<!-- Generated by org.testng.reporters.JUnitReportReporter -->
<testsuite hostname="HP10058912" name="Test.Test.runners.FeatureRunner" tests="4" failures="0" timestamp="11 Nov 2016 11:37:09 GMT" time="170.414" errors="0">
  <testcase name="feature" time="24.937" classname="Test.Test.runners.FeatureRunner"/>
  <testcase name="feature" time="47.063" classname="Test.Test.runners.FeatureRunner"/>
  <testcase name="feature" time="63.990" classname="Test.Test.runners.FeatureRunner"/>
  <testcase name="feature" time="34.424" classname="Test.Test.runners.FeatureRunner"/>
</testsuite> <!-- Test.Test.runners.FeatureRunner -->
