<?xml version="1.0" encoding="UTF-8"?>
<!-- Generated by org.testng.reporters.JUnitReportReporter -->
<testsuite hostname="HP10058912" name="Test.Test.runners.FeatureRunner" tests="4" failures="0" timestamp="14 Nov 2016 09:56:11 GMT" time="163.468" errors="0">
  <testcase name="feature" time="55.322" classname="Test.Test.runners.FeatureRunner"/>
  <testcase name="feature" time="26.411" classname="Test.Test.runners.FeatureRunner"/>
  <testcase name="feature" time="46.913" classname="Test.Test.runners.FeatureRunner"/>
  <testcase name="feature" time="34.822" classname="Test.Test.runners.FeatureRunner"/>
</testsuite> <!-- Test.Test.runners.FeatureRunner -->
